<?xml version="1.0" encoding="UTF-8"?>
<!-- Generated by org.testng.reporters.JUnitReportReporter -->
<testsuite hostname="C1GF75IPTV" name="Exposure.RestAssured.WishlistTests" tests="1" failures="0" timestamp="15 May 2020 16:34:40 GMT" time="7.416" errors="0">
  <testcase name="addToWishlistWithGroupId_CR1006001" time="7.416" classname="Exposure.RestAssured.WishlistTests"/>
</testsuite> <!-- Exposure.RestAssured.WishlistTests -->
