<?xml version="1.0" encoding="UTF-8"?>
<!-- Generated by org.testng.reporters.JUnitReportReporter -->
<testsuite hostname="C1GF75IPTV" name="Exposure.RestAssured.Swimlanes" tests="2" failures="0" timestamp="8 Jul 2021 17:26:32 GMT" time="1.621" errors="0">
  <testcase name="createSwimlaneWithClientUILayouts_BEP2036302" time="0.189" classname="Exposure.RestAssured.Swimlanes"/>
  <testcase name="createSwimlaneWithClientUILayouts_BEP2036301" time="1.432" classname="Exposure.RestAssured.Swimlanes"/>
</testsuite> <!-- Exposure.RestAssured.Swimlanes -->
