<?xml version="1.0" encoding="UTF-8"?>
<!-- Generated by org.testng.reporters.JUnitReportReporter -->
<testsuite hostname="C1GF75IPTV" name="Exposure.RestAssured.setConsentTest" tests="6" failures="0" timestamp="30 Jun 2020 06:44:43 GMT" time="5.137" errors="0">
  <testcase name="setConsentTVTA_OPTIN_BEP1423001" time="3.054" classname="Exposure.RestAssured.setConsentTest"/>
  <testcase name="setConsentTVReco_OPTIN_BEP1423002" time="0.680" classname="Exposure.RestAssured.setConsentTest"/>
  <testcase name="setConsentwithInvalidConsentType_BEP1423005" time="0.319" classname="Exposure.RestAssured.setConsentTest"/>
  <testcase name="setConsentwithInvalidConsentValue_BEP1423006" time="0.227" classname="Exposure.RestAssured.setConsentTest"/>
  <testcase name="setConsentTVTA_OPTOUT_BEP1423003" time="0.421" classname="Exposure.RestAssured.setConsentTest"/>
  <testcase name="setConsentTVReco_OPTOUT_BEP1423004" time="0.436" classname="Exposure.RestAssured.setConsentTest"/>
</testsuite> <!-- Exposure.RestAssured.setConsentTest -->
