<?xml version="1.0" encoding="UTF-8"?>
<!-- Generated by org.testng.reporters.JUnitReportReporter -->
<testsuite hostname="C1GF75IPTV" name="Exposure.RestAssured.ReminderTests" tests="41" failures="0" timestamp="7 Jul 2021 14:43:17 GMT" time="47.304" errors="2">
  <testcase name="getReminderBTACall_BEP14477002" time="0.113" classname="Exposure.RestAssured.ReminderTests"/>
  <testcase name="updateReminderWithBlankValueForSchTrailID_BEP144710012" time="1.274" classname="Exposure.RestAssured.ReminderTests"/>
  <testcase name="addReminderWithBlankValueForChannelExtID_BEP144700013" time="1.454" classname="Exposure.RestAssured.ReminderTests"/>
  <testcase name="getReminderBTACall_BEP14477004" time="0.120" classname="Exposure.RestAssured.ReminderTests"/>
  <testcase name="updateReminderWithoutIDTag_BEP14471007" time="1.027" classname="Exposure.RestAssured.ReminderTests"/>
  <testcase name="addReminderWithBlankValueForReminderType_BEP14470007" time="1.221" classname="Exposure.RestAssured.ReminderTests"/>
  <testcase name="updateReminderWhenMinsBeforeStartIsnotCorrect_BEP144710020" time="0.969" classname="Exposure.RestAssured.ReminderTests"/>
  <testcase name="updateReminderWithoutInterfaceVersion_BEP14471002" time="0.965" classname="Exposure.RestAssured.ReminderTests"/>
  <testcase name="addReminderWithInterfaceVersionLessThan420_BEP14470003" time="1.197" classname="Exposure.RestAssured.ReminderTests"/>
  <testcase name="addReminderWhenIcorrectChannelExtID_BEP144700017" time="1.937" classname="Exposure.RestAssured.ReminderTests"/>
  <testcase name="updateReminderWhenIcorrectSchTrailID_BEP144710018" time="1.560" classname="Exposure.RestAssured.ReminderTests"/>
  <testcase name="updateReminderWithBlankValueForReminderType_BEP14471008" time="1.008" classname="Exposure.RestAssured.ReminderTests"/>
  <testcase name="updateReminderWithoutSchTrailIDTag_BEP144710013" time="1.280" classname="Exposure.RestAssured.ReminderTests"/>
  <testcase name="addReminderWithInterfaceVersion420_BEP14470004" time="1.757" classname="Exposure.RestAssured.ReminderTests">
    <error type="java.lang.AssertionError" message="expected:&lt;4732398&gt; but was:&lt;&gt;">
      <![CDATA[java.lang.AssertionError: expected:<4732398> but was:<>
	at org.testng.Assert.fail(Assert.java:89)
	at org.testng.Assert.failNotEquals(Assert.java:489)
	at org.testng.Assert.assertEquals(Assert.java:118)
	at org.testng.Assert.assertEquals(Assert.java:160)
	at Exposure.RestAssured.ReminderTests.addReminderWithInterfaceVersion420_BEP14470004(ReminderTests.java:65)
	at sun.reflect.NativeMethodAccessorImpl.invoke0(Native Method)
	at sun.reflect.NativeMethodAccessorImpl.invoke(NativeMethodAccessorImpl.java:62)
	at sun.reflect.DelegatingMethodAccessorImpl.invoke(DelegatingMethodAccessorImpl.java:43)
	at java.lang.reflect.Method.invoke(Method.java:498)
	at org.testng.internal.MethodInvocationHelper.invokeMethod(MethodInvocationHelper.java:80)
	at org.testng.internal.Invoker.invokeMethod(Invoker.java:702)
	at org.testng.internal.Invoker.invokeTestMethod(Invoker.java:894)
	at org.testng.internal.Invoker.invokeTestMethods(Invoker.java:1219)
	at org.testng.internal.TestMethodWorker.invokeTestMethods(TestMethodWorker.java:127)
	at org.testng.internal.TestMethodWorker.run(TestMethodWorker.java:111)
	at org.testng.TestRunner.privateRun(TestRunner.java:768)
	at org.testng.TestRunner.run(TestRunner.java:617)
	at org.testng.SuiteRunner.runTest(SuiteRunner.java:334)
	at org.testng.SuiteRunner.runSequentially(SuiteRunner.java:329)
	at org.testng.SuiteRunner.privateRun(SuiteRunner.java:291)
	at org.testng.SuiteRunner.run(SuiteRunner.java:240)
	at org.testng.SuiteRunnerWorker.runSuite(SuiteRunnerWorker.java:53)
	at org.testng.SuiteRunnerWorker.run(SuiteRunnerWorker.java:87)
	at org.testng.TestNG.runSuitesSequentially(TestNG.java:1188)
	at org.testng.TestNG.runSuitesLocally(TestNG.java:1113)
	at org.testng.TestNG.run(TestNG.java:1025)
	at org.testng.remote.AbstractRemoteTestNG.run(AbstractRemoteTestNG.java:132)
	at org.testng.remote.RemoteTestNG.initAndRun(RemoteTestNG.java:236)
	at org.testng.remote.RemoteTestNG.main(RemoteTestNG.java:81)
]]>
    </error>
  </testcase> <!-- addReminderWithInterfaceVersion420_BEP14470004 -->
  <testcase name="getReminderBTACall_BEP14477003" time="0.116" classname="Exposure.RestAssured.ReminderTests"/>
  <testcase name="addReminderWithoutMinsBeforeStartTag_BEP144700010" time="1.168" classname="Exposure.RestAssured.ReminderTests"/>
  <testcase name="updateReminderWithoutMinsBeforeStartTag_BEP144710011" time="0.991" classname="Exposure.RestAssured.ReminderTests"/>
  <testcase name="addReminderWithoutReminderTag_BEP14470008" time="1.186" classname="Exposure.RestAssured.ReminderTests"/>
  <testcase name="addReminderWhenIcorrectSchTrailID_BEP144700016" time="1.747" classname="Exposure.RestAssured.ReminderTests"/>
  <testcase name="updateReminderWithoutReminderTag_BEP14471009" time="1.020" classname="Exposure.RestAssured.ReminderTests"/>
  <testcase name="addReminderWithoutMac_BEP14470005" time="1.231" classname="Exposure.RestAssured.ReminderTests"/>
  <testcase name="addReminderWithInterfaceVersion520_BEP14470001" time="3.003" classname="Exposure.RestAssured.ReminderTests">
    <error type="java.lang.AssertionError" message="expected:&lt;4732398&gt; but was:&lt;&gt;">
      <![CDATA[java.lang.AssertionError: expected:<4732398> but was:<>
	at org.testng.Assert.fail(Assert.java:89)
	at org.testng.Assert.failNotEquals(Assert.java:489)
	at org.testng.Assert.assertEquals(Assert.java:118)
	at org.testng.Assert.assertEquals(Assert.java:160)
	at Exposure.RestAssured.ReminderTests.addReminderWithInterfaceVersion520_BEP14470001(ReminderTests.java:53)
	at sun.reflect.NativeMethodAccessorImpl.invoke0(Native Method)
	at sun.reflect.NativeMethodAccessorImpl.invoke(NativeMethodAccessorImpl.java:62)
	at sun.reflect.DelegatingMethodAccessorImpl.invoke(DelegatingMethodAccessorImpl.java:43)
	at java.lang.reflect.Method.invoke(Method.java:498)
	at org.testng.internal.MethodInvocationHelper.invokeMethod(MethodInvocationHelper.java:80)
	at org.testng.internal.Invoker.invokeMethod(Invoker.java:702)
	at org.testng.internal.Invoker.invokeTestMethod(Invoker.java:894)
	at org.testng.internal.Invoker.invokeTestMethods(Invoker.java:1219)
	at org.testng.internal.TestMethodWorker.invokeTestMethods(TestMethodWorker.java:127)
	at org.testng.internal.TestMethodWorker.run(TestMethodWorker.java:111)
	at org.testng.TestRunner.privateRun(TestRunner.java:768)
	at org.testng.TestRunner.run(TestRunner.java:617)
	at org.testng.SuiteRunner.runTest(SuiteRunner.java:334)
	at org.testng.SuiteRunner.runSequentially(SuiteRunner.java:329)
	at org.testng.SuiteRunner.privateRun(SuiteRunner.java:291)
	at org.testng.SuiteRunner.run(SuiteRunner.java:240)
	at org.testng.SuiteRunnerWorker.runSuite(SuiteRunnerWorker.java:53)
	at org.testng.SuiteRunnerWorker.run(SuiteRunnerWorker.java:87)
	at org.testng.TestNG.runSuitesSequentially(TestNG.java:1188)
	at org.testng.TestNG.runSuitesLocally(TestNG.java:1113)
	at org.testng.TestNG.run(TestNG.java:1025)
	at org.testng.remote.AbstractRemoteTestNG.run(AbstractRemoteTestNG.java:132)
	at org.testng.remote.RemoteTestNG.initAndRun(RemoteTestNG.java:236)
	at org.testng.remote.RemoteTestNG.main(RemoteTestNG.java:81)
]]>
    </error>
  </testcase> <!-- addReminderWithInterfaceVersion520_BEP14470001 -->
  <testcase name="addReminderWhenMinsBeforeStartIsnotCorrect_BEP144700018" time="1.167" classname="Exposure.RestAssured.ReminderTests"/>
  <testcase name="addReminderWithBlankValueforMinsBeforeStart_BEP14470009" time="1.166" classname="Exposure.RestAssured.ReminderTests"/>
  <testcase name="addReminderWithBlankValueForSchTrailID_BEP144700011" time="1.468" classname="Exposure.RestAssured.ReminderTests"/>
  <testcase name="updateReminderWhenIcorrectChannelExtID_BEP144710019" time="1.557" classname="Exposure.RestAssured.ReminderTests"/>
  <testcase name="addReminderWithoutChannelExtID_BEP144700014" time="1.437" classname="Exposure.RestAssured.ReminderTests"/>
  <testcase name="getReminderBTACall_BEP14477005" time="0.034" classname="Exposure.RestAssured.ReminderTests"/>
  <testcase name="updateReminderWithBlankValueforMinsBeforeStart_BEP144710010" time="1.006" classname="Exposure.RestAssured.ReminderTests"/>
  <testcase name="updateReminderWithInvalidMac_BEP14471005" time="0.992" classname="Exposure.RestAssured.ReminderTests"/>
  <testcase name="updateReminderWhenIcorrectSchTrailID_BEP144710021" time="1.183" classname="Exposure.RestAssured.ReminderTests"/>
  <testcase name="getReminderBTACall_BEP14477001" time="0.271" classname="Exposure.RestAssured.ReminderTests"/>
  <testcase name="updateReminderWithoutChannelExtID_BEP144710015" time="1.214" classname="Exposure.RestAssured.ReminderTests"/>
  <testcase name="addReminderWithInvalidMac_BEP14470006" time="1.184" classname="Exposure.RestAssured.ReminderTests"/>
  <testcase name="addReminderWithoutInterfaceVersion_BEP14470002" time="1.133" classname="Exposure.RestAssured.ReminderTests"/>
  <testcase name="updateReminder_BEP14471001" time="1.276" classname="Exposure.RestAssured.ReminderTests"/>
  <testcase name="addReminderWithoutSchTrailIDTag_BEP144700012" time="1.473" classname="Exposure.RestAssured.ReminderTests"/>
  <testcase name="updateReminderWhenInterfaceVersionLessThen420_BEP14471003" time="0.982" classname="Exposure.RestAssured.ReminderTests"/>
  <testcase name="updateReminderWithoutMac_BEP14471004" time="1.073" classname="Exposure.RestAssured.ReminderTests"/>
  <testcase name="updateReminderWithBlankValueForChannelExtID_BEP144710014" time="1.290" classname="Exposure.RestAssured.ReminderTests"/>
  <testcase name="updateReminderWithBlankValueForID_BEP14471006" time="1.054" classname="Exposure.RestAssured.ReminderTests"/>
</testsuite> <!-- Exposure.RestAssured.ReminderTests -->
