<?xml version="1.0" encoding="UTF-8"?>
<!-- Generated by org.testng.reporters.JUnitReportReporter -->
<testsuite hostname="C1GF75IPTV" name="Exposure.RestAssured.setConsentTest" tests="6" failures="1" timestamp="9 Jul 2021 12:01:17 GMT" time="6.455" errors="0">
  <testcase name="setConsentTVTA_OPTOUT_BEP1423003" time="0.695" classname="Exposure.RestAssured.setConsentTest"/>
  <testcase name="setConsentTVReco_OPTIN_BEP1423002" time="1.126" classname="Exposure.RestAssured.setConsentTest"/>
  <testcase name="setConsentTVReco_OPTOUT_BEP1423004" time="0.604" classname="Exposure.RestAssured.setConsentTest"/>
  <testcase name="setConsentTVTA_OPTIN_BEP1423001" time="3.106" classname="Exposure.RestAssured.setConsentTest">
    <failure type="java.lang.NullPointerException">
      <![CDATA[java.lang.NullPointerException
	at Exposure.RestAssured.setConsentTest.setConsentTVTA_OPTIN_BEP1423001(setConsentTest.java:46)
	at sun.reflect.NativeMethodAccessorImpl.invoke0(Native Method)
	at sun.reflect.NativeMethodAccessorImpl.invoke(NativeMethodAccessorImpl.java:62)
	at sun.reflect.DelegatingMethodAccessorImpl.invoke(DelegatingMethodAccessorImpl.java:43)
	at java.lang.reflect.Method.invoke(Method.java:498)
	at org.testng.internal.MethodInvocationHelper.invokeMethod(MethodInvocationHelper.java:80)
	at org.testng.internal.Invoker.invokeMethod(Invoker.java:702)
	at org.testng.internal.Invoker.invokeTestMethod(Invoker.java:894)
	at org.testng.internal.Invoker.invokeTestMethods(Invoker.java:1219)
	at org.testng.internal.TestMethodWorker.invokeTestMethods(TestMethodWorker.java:127)
	at org.testng.internal.TestMethodWorker.run(TestMethodWorker.java:111)
	at org.testng.TestRunner.privateRun(TestRunner.java:768)
	at org.testng.TestRunner.run(TestRunner.java:617)
	at org.testng.SuiteRunner.runTest(SuiteRunner.java:334)
	at org.testng.SuiteRunner.runSequentially(SuiteRunner.java:329)
	at org.testng.SuiteRunner.privateRun(SuiteRunner.java:291)
	at org.testng.SuiteRunner.run(SuiteRunner.java:240)
	at org.testng.SuiteRunnerWorker.runSuite(SuiteRunnerWorker.java:53)
	at org.testng.SuiteRunnerWorker.run(SuiteRunnerWorker.java:87)
	at org.testng.TestNG.runSuitesSequentially(TestNG.java:1188)
	at org.testng.TestNG.runSuitesLocally(TestNG.java:1113)
	at org.testng.TestNG.run(TestNG.java:1025)
	at org.testng.remote.AbstractRemoteTestNG.run(AbstractRemoteTestNG.java:132)
	at org.testng.remote.RemoteTestNG.initAndRun(RemoteTestNG.java:236)
	at org.testng.remote.RemoteTestNG.main(RemoteTestNG.java:81)
]]>
    </failure>
  </testcase> <!-- setConsentTVTA_OPTIN_BEP1423001 -->
  <testcase name="setConsentwithInvalidConsentValue_BEP1423006" time="0.394" classname="Exposure.RestAssured.setConsentTest"/>
  <testcase name="setConsentwithInvalidConsentType_BEP1423005" time="0.530" classname="Exposure.RestAssured.setConsentTest"/>
</testsuite> <!-- Exposure.RestAssured.setConsentTest -->
